<?xml version="1.0" encoding="UTF-8"?>
<testsuite xmlns:xsi="http://www.w3.org/2001/XMLSchema-instance" xsi:noNamespaceSchemaLocation="https://maven.apache.org/surefire/maven-surefire-plugin/xsd/surefire-test-report-3.0.xsd" version="3.0" name="CalculatorTest" time="0.089" tests="3" errors="0" skipped="0" failures="0">
  <properties>
[...]
</properties>
  <testcase name="testAdd1" classname="CalculatorTest" time="0.007"/>
  <testcase name="testSub1" classname="CalculatorTest" time="0.0"/>
  <testcase name="testMultiply" classname="CalculatorTest" time="0.0"/>
</testsuite>